<?xml version="1.0" encoding="UTF-8"?>
<testsuite name="com.kodilla.stream.book.BookTestSuite" tests="3" skipped="0" failures="0" errors="0"
           timestamp="2018-05-27T17:06:46" hostname="Gareth-Komputer" time="0.021">
    <properties/>
    <testcase name="testGetListUsingFor" classname="com.kodilla.stream.book.BookTestSuite" time="0.002"/>
    <testcase name="testGetListUsingIntStream" classname="com.kodilla.stream.book.BookTestSuite" time="0.008"/>
    <testcase name="testGetListUsingIntStreamWithCount" classname="com.kodilla.stream.book.BookTestSuite" time="0.011"/>
    <system-out><![CDATA[]]></system-out>
    <system-err><![CDATA[]]></system-err>
</testsuite>
