<?xml version="1.0" encoding="UTF-8"?>
<testsuite name="com.kodilla.testing.library.BookDirectoryTestSuite" tests="6" skipped="0" failures="0" errors="0"
           timestamp="2018-05-19T21:28:58" hostname="Gareth-Komputer" time="0.058">
    <properties/>
    <testcase name="testListBooksWithConditionFragmentShorterThan3"
              classname="com.kodilla.testing.library.BookDirectoryTestSuite" time="0.053"/>
    <testcase name="testListBooksWithConditionMoreThan20" classname="com.kodilla.testing.library.BookDirectoryTestSuite"
              time="0.002"/>
    <testcase name="testListBooksInHandsOf5BorrowedBooks" classname="com.kodilla.testing.library.BookDirectoryTestSuite"
              time="0.001"/>
    <testcase name="testListBooksWithConditionsReturnList"
              classname="com.kodilla.testing.library.BookDirectoryTestSuite" time="0.0"/>
    <testcase name="testListBooksInHandsOf1borrowedBook" classname="com.kodilla.testing.library.BookDirectoryTestSuite"
              time="0.0"/>
    <testcase name="testListBooksInHandsOf0borrowedBooks" classname="com.kodilla.testing.library.BookDirectoryTestSuite"
              time="0.001"/>
    <system-out><![CDATA[]]></system-out>
    <system-err><![CDATA[]]></system-err>
</testsuite>
