<?xml version="1.0" encoding="UTF-8"?>
<testsuite name="com.kodilla.hibernate.task.dao.TaskDaoTestSuite" tests="3" skipped="0" failures="0" errors="0" timestamp="2018-07-02T19:18:29" hostname="Gareth-Komputer" time="0.844">
  <properties/>
  <testcase name="testTaskDaoFindByDuration" classname="com.kodilla.hibernate.task.dao.TaskDaoTestSuite" time="0.641"/>
  <testcase name="testTaskDaoSave" classname="com.kodilla.hibernate.task.dao.TaskDaoTestSuite" time="0.047"/>
  <testcase name="testTaskDaoSaveWithFinancialDetails" classname="com.kodilla.hibernate.task.dao.TaskDaoTestSuite" time="0.156"/>
  <system-out><![CDATA[2018-07-02 21:18:29.323  INFO 8968 --- [    Test worker] .b.t.c.SpringBootTestContextBootstrapper : Neither @ContextConfiguration nor @ContextHierarchy found for test class [com.kodilla.hibernate.task.dao.TaskDaoTestSuite], using SpringBootContextLoader
2018-07-02 21:18:29.323  INFO 8968 --- [    Test worker] o.s.t.c.support.AbstractContextLoader    : Could not detect default resource locations for test class [com.kodilla.hibernate.task.dao.TaskDaoTestSuite]: no resource found for suffixes {-context.xml, Context.groovy}.
2018-07-02 21:18:29.323  INFO 8968 --- [    Test worker] t.c.s.AnnotationConfigContextLoaderUtils : Could not detect default configuration classes for test class [com.kodilla.hibernate.task.dao.TaskDaoTestSuite]: TaskDaoTestSuite does not declare any static, non-private, non-final, nested classes annotated with @Configuration.
2018-07-02 21:18:29.338  INFO 8968 --- [    Test worker] .b.t.c.SpringBootTestContextBootstrapper : Found @SpringBootConfiguration com.kodilla.hibernate.KodillaHibernateApplication for test class com.kodilla.hibernate.task.dao.TaskDaoTestSuite
2018-07-02 21:18:29.354  INFO 8968 --- [    Test worker] .b.t.c.SpringBootTestContextBootstrapper : Loaded default TestExecutionListener class names from location [META-INF/spring.factories]: [org.springframework.boot.test.mock.mockito.MockitoTestExecutionListener, org.springframework.boot.test.mock.mockito.ResetMocksTestExecutionListener, org.springframework.boot.test.autoconfigure.restdocs.RestDocsTestExecutionListener, org.springframework.boot.test.autoconfigure.web.client.MockRestServiceServerResetTestExecutionListener, org.springframework.boot.test.autoconfigure.web.servlet.MockMvcPrintOnlyOnFailureTestExecutionListener, org.springframework.boot.test.autoconfigure.web.servlet.WebDriverTestExecutionListener, org.springframework.test.context.web.ServletTestExecutionListener, org.springframework.test.context.support.DirtiesContextBeforeModesTestExecutionListener, org.springframework.test.context.support.DependencyInjectionTestExecutionListener, org.springframework.test.context.support.DirtiesContextTestExecutionListener, org.springframework.test.context.transaction.TransactionalTestExecutionListener, org.springframework.test.context.jdbc.SqlScriptsTestExecutionListener]
2018-07-02 21:18:29.354  INFO 8968 --- [    Test worker] .b.t.c.SpringBootTestContextBootstrapper : Using TestExecutionListeners: [org.springframework.test.context.support.DirtiesContextBeforeModesTestExecutionListener@4cf6363f, org.springframework.boot.test.mock.mockito.MockitoTestExecutionListener@2bfe83ff, org.springframework.boot.test.autoconfigure.SpringBootDependencyInjectionTestExecutionListener@50c0b598, org.springframework.test.context.support.DirtiesContextTestExecutionListener@31ceeafd, org.springframework.test.context.transaction.TransactionalTestExecutionListener@4c747535, org.springframework.test.context.jdbc.SqlScriptsTestExecutionListener@134ae63f, org.springframework.boot.test.mock.mockito.ResetMocksTestExecutionListener@4673edbb, org.springframework.boot.test.autoconfigure.restdocs.RestDocsTestExecutionListener@2c6e8a, org.springframework.boot.test.autoconfigure.web.client.MockRestServiceServerResetTestExecutionListener@6f1e6e67, org.springframework.boot.test.autoconfigure.web.servlet.MockMvcPrintOnlyOnFailureTestExecutionListener@2ba116a5, org.springframework.boot.test.autoconfigure.web.servlet.WebDriverTestExecutionListener@72e6385f]
Hibernate: insert into tasks (created, description, duration, tasks_financials_id, tasklist_id) values (?, ?, ?, ?, ?)
2018-07-02 21:18:29.638  INFO 8968 --- [    Test worker] o.h.h.i.QueryTranslatorFactoryInitiator  : HHH000397: Using ASTQueryTranslatorFactory
Hibernate: select task0_.id as id1_1_, task0_.created as created2_1_, task0_.description as descript3_1_, task0_.duration as duration4_1_, task0_.tasks_financials_id as tasks_fi5_1_, task0_.tasklist_id as tasklist6_1_ from tasks task0_ where task0_.duration=?
Hibernate: select task0_.id as id1_1_0_, task0_.created as created2_1_0_, task0_.description as descript3_1_0_, task0_.duration as duration4_1_0_, task0_.tasks_financials_id as tasks_fi5_1_0_, task0_.tasklist_id as tasklist6_1_0_, taskfinanc1_.id as id1_2_1_, taskfinanc1_.paid as paid2_2_1_, taskfinanc1_.price as price3_2_1_, tasklist2_.id as id1_0_2_, tasklist2_.description as descript2_0_2_, tasklist2_.listname as listname3_0_2_ from tasks task0_ left outer join tasks_financials taskfinanc1_ on task0_.tasks_financials_id=taskfinanc1_.id left outer join tasklist tasklist2_ on task0_.tasklist_id=tasklist2_.id where task0_.id=?
Hibernate: delete from tasks where id=?
Hibernate: insert into tasks (created, description, duration, tasks_financials_id, tasklist_id) values (?, ?, ?, ?, ?)
Hibernate: select task0_.id as id1_1_0_, task0_.created as created2_1_0_, task0_.description as descript3_1_0_, task0_.duration as duration4_1_0_, task0_.tasks_financials_id as tasks_fi5_1_0_, task0_.tasklist_id as tasklist6_1_0_, taskfinanc1_.id as id1_2_1_, taskfinanc1_.paid as paid2_2_1_, taskfinanc1_.price as price3_2_1_, tasklist2_.id as id1_0_2_, tasklist2_.description as descript2_0_2_, tasklist2_.listname as listname3_0_2_ from tasks task0_ left outer join tasks_financials taskfinanc1_ on task0_.tasks_financials_id=taskfinanc1_.id left outer join tasklist tasklist2_ on task0_.tasklist_id=tasklist2_.id where task0_.id=?
Hibernate: select task0_.id as id1_1_0_, task0_.created as created2_1_0_, task0_.description as descript3_1_0_, task0_.duration as duration4_1_0_, task0_.tasks_financials_id as tasks_fi5_1_0_, task0_.tasklist_id as tasklist6_1_0_, taskfinanc1_.id as id1_2_1_, taskfinanc1_.paid as paid2_2_1_, taskfinanc1_.price as price3_2_1_, tasklist2_.id as id1_0_2_, tasklist2_.description as descript2_0_2_, tasklist2_.listname as listname3_0_2_ from tasks task0_ left outer join tasks_financials taskfinanc1_ on task0_.tasks_financials_id=taskfinanc1_.id left outer join tasklist tasklist2_ on task0_.tasklist_id=tasklist2_.id where task0_.id=?
Hibernate: delete from tasks where id=?
Hibernate: insert into tasks_financials (paid, price) values (?, ?)
Hibernate: insert into tasks (created, description, duration, tasks_financials_id, tasklist_id) values (?, ?, ?, ?, ?)
Hibernate: select task0_.id as id1_1_0_, task0_.created as created2_1_0_, task0_.description as descript3_1_0_, task0_.duration as duration4_1_0_, task0_.tasks_financials_id as tasks_fi5_1_0_, task0_.tasklist_id as tasklist6_1_0_, taskfinanc1_.id as id1_2_1_, taskfinanc1_.paid as paid2_2_1_, taskfinanc1_.price as price3_2_1_, tasklist2_.id as id1_0_2_, tasklist2_.description as descript2_0_2_, tasklist2_.listname as listname3_0_2_ from tasks task0_ left outer join tasks_financials taskfinanc1_ on task0_.tasks_financials_id=taskfinanc1_.id left outer join tasklist tasklist2_ on task0_.tasklist_id=tasklist2_.id where task0_.id=?
Hibernate: delete from tasks where id=?
Hibernate: delete from tasks_financials where id=?
]]></system-out>
  <system-err><![CDATA[]]></system-err>
</testsuite>
