<?xml version="1.0" encoding="UTF-8"?>
<testsuite name="com.kodilla.patterns.strategy.social.UserTestSuite" tests="2" skipped="0" failures="0" errors="0" timestamp="2018-06-22T22:05:18" hostname="Gareth-Komputer" time="0.003">
  <properties/>
  <testcase name="testDefaultSharingStrategies" classname="com.kodilla.patterns.strategy.social.UserTestSuite" time="0.002"/>
  <testcase name="testIndividualSharingStrategy" classname="com.kodilla.patterns.strategy.social.UserTestSuite" time="0.0"/>
  <system-out><![CDATA[Dominik will: [Facebook publisher] Publish on Facebook
Joe will: [Twitter publisher] Publish on Twitter
Brian will: [Snapchat publisher] Publish on Snapchat
Janusz will: [Facebook publisher] Publish on Facebook
Janusz now will: [Twitter publisher] Publish on Twitter
]]></system-out>
  <system-err><![CDATA[]]></system-err>
</testsuite>
