<?xml version="1.0" encoding="UTF-8"?>
<testsuite name="com.kodilla.patterns.prototype.library.LibraryTestSuite" tests="1" skipped="0" failures="0" errors="0" timestamp="2018-06-22T22:05:18" hostname="Gareth-Komputer" time="0.086">
  <properties/>
  <testcase name="testGetBooks" classname="com.kodilla.patterns.prototype.library.LibraryTestSuite" time="0.086"/>
  <system-out><![CDATA[[Book{title='Title6', author='Author6', publicationDate=2012-06-23}, Book{title='Title1', author='Author1', publicationDate=2017-06-23}, Book{title='Title4', author='Author4', publicationDate=2014-06-23}, Book{title='Title8', author='Author8', publicationDate=2010-06-23}, Book{title='Title5', author='Author5', publicationDate=2013-06-23}, Book{title='Title3', author='Author3', publicationDate=2015-06-23}, Book{title='Title7', author='Author7', publicationDate=2011-06-23}, Book{title='Title2', author='Author2', publicationDate=2016-06-23}]

[Book{title='Title6', author='Author6', publicationDate=2012-06-23}, Book{title='Title1', author='Author1', publicationDate=2017-06-23}, Book{title='Title4', author='Author4', publicationDate=2014-06-23}, Book{title='Title8', author='Author8', publicationDate=2010-06-23}, Book{title='Title5', author='Author5', publicationDate=2013-06-23}, Book{title='Title3', author='Author3', publicationDate=2015-06-23}, Book{title='Title7', author='Author7', publicationDate=2011-06-23}, Book{title='Title2', author='Author2', publicationDate=2016-06-23}]

[Book{title='Title6', author='Author6', publicationDate=2012-06-23}, Book{title='Title1', author='Author1', publicationDate=2017-06-23}, Book{title='Title4', author='Author4', publicationDate=2014-06-23}, Book{title='Title8', author='Author8', publicationDate=2010-06-23}, Book{title='Title5', author='Author5', publicationDate=2013-06-23}, Book{title='Title3', author='Author3', publicationDate=2015-06-23}, Book{title='Title7', author='Author7', publicationDate=2011-06-23}, Book{title='Brave New World', author='Huxley', publicationDate=1931-01-01}, Book{title='Title2', author='Author2', publicationDate=2016-06-23}]
]]></system-out>
  <system-err><![CDATA[]]></system-err>
</testsuite>
